<?xml version="1.0" encoding="UTF-8"?>
<testsuites name="Demo Test Suite" time="30.415" tests="3" failures="0" errors="0">
   <testsuite name="Demo Test Suite" tests="3" failures="0" errors="0" time="30.415" skipped="0" timestamp="2023-01-10 17:49:27" hostname="m.najafzadeh - najafzadeh.samin.local" id="Test Suites/Demo Test Suite">
      <properties>
         <property name="deviceName" value=""/>
         <property name="devicePlatform" value=""/>
         <property name="logFolder" value="C:\\Users\\m.najafzadeh\\Katalon Studio\\KatalonDemo.git\\Reports\\20230110_174911\\Demo Test Suite\\20230110_174911"/>
         <property name="logFiles" value="C:\\Users\\m.najafzadeh\\Katalon Studio\\KatalonDemo.git\\Reports\\20230110_174911\\Demo Test Suite\\20230110_174911\\execution0.log"/>
         <property name="attachments" value=""/>
         <property name="hostName" value="m.najafzadeh - najafzadeh.samin.local"/>
         <property name="os" value="Windows 10 64bit"/>
         <property name="katalonVersion" value="8.5.5.208"/>
         <property name="browser" value="Chrome 108.0.0.0"/>
         <property name="hostAddress" value="192.168.20.43"/>
         <property name="sessionId" value="5cfff6184b78e6373f22313e9a09b648"/>
         <property name="seleniumVersion" value="3.141.59"/>
         <property name="proxyInformation" value="ProxyInformation { proxyOption=NO_PROXY, proxyServerType=HTTP, username=, password=********, proxyServerAddress=, proxyServerPort=0, executionList=&quot;&quot;, isApplyToDesiredCapabilities=true }"/>
         <property name="platform" value="Windows 10"/>
      </properties>
      <testcase name="Test Cases/login" time="17.613" classname="Test Cases/login" status="PASSED">
         <system-out><![CDATA[2023-01-10 17:49:28 - [TEST_CASE][PASSED] - Test Cases/login: Test Cases/login

2023-01-10 17:49:30 - [TEST_STEP][PASSED] - openBrowser(""): Browser is opened with url: ''

2023-01-10 17:49:30 - [MESSAGE][INFO] - Starting 'Chrome' driver

2023-01-10 17:49:30 - [MESSAGE][INFO] - Action delay is set to 0 milliseconds

2023-01-10 17:49:34 - [MESSAGE][PASSED] - Browser is opened with url: ''

2023-01-10 17:49:34 - [TEST_STEP][PASSED] - driver = getWebDriver(): null

2023-01-10 17:49:34 - [TEST_STEP][PASSED] - selenium = new com.thoughtworks.selenium.webdriven.WebDriverBackedSelenium(driver, internal.GlobalVariable.baseUrl): null

2023-01-10 17:49:35 - [TEST_STEP][PASSED] - selenium.open(baseUrl): null

2023-01-10 17:49:37 - [TEST_STEP][PASSED] - selenium.waitForPageToLoad(pageLoadWT): null

2023-01-10 17:49:37 - [TEST_STEP][PASSED] - click(SelectBy.xpath("//*[@id='UserName']")): Object: '' is clicked on

2023-01-10 17:49:38 - [MESSAGE][PASSED] - Object: '' is clicked on

2023-01-10 17:49:38 - [TEST_STEP][PASSED] - selenium.type("id=UserName", pnhyn".toString()): null

2023-01-10 17:49:38 - [TEST_STEP][PASSED] - selenium.type("id=Password", "a`123456".toString()): null

2023-01-10 17:49:38 - [TEST_STEP][PASSED] - selenium.click("xpath=//button[@type='submit']"): null

2023-01-10 17:49:39 - [TEST_STEP][PASSED] - waitForElementPresent(SelectBy.xpath("//*[@id='select2-TenantsID-container']"), elementPresentWT): Object '' is present

2023-01-10 17:49:40 - [MESSAGE][PASSED] - Object '' is present

2023-01-10 17:49:40 - [TEST_STEP][PASSED] - selenium.click("id=select2-TenantsID-container"): null

2023-01-10 17:49:40 - [TEST_STEP][PASSED] - selenium.click("xpath=/html/body/span/span/span[2]/ul/li[5]"): null

2023-01-10 17:49:41 - [TEST_STEP][PASSED] - selenium.click("id=enter"): null

2023-01-10 17:49:41 - [TEST_STEP][PASSED] - selenium.waitForPageToLoad(pageLoadWT): null

2023-01-10 17:49:42 - [TEST_STEP][PASSED] - response = "": null

2023-01-10 17:49:42 - [TEST_STEP][PASSED] - try: null

2023-01-10 17:49:42 - [TEST_STEP][PASSED] - response = selenium.getText("xpath=/html/body/div[2]/div[1]/a/strong"): null

2023-01-10 17:49:46 - [TEST_STEP][PASSED] - assert response != "": null]]></system-out>
         <system-err><![CDATA[]]></system-err>
      </testcase>
      <testcase name="Test Cases/واحد کالا/ثبت واحد کالا" time="6.979" classname="Test Cases/واحد کالا/ثبت واحد کالا" status="PASSED">
         <system-out><![CDATA[2023-01-10 17:49:46 - [TEST_CASE][PASSED] - Test Cases/واحد کالا/ثبت واحد کالا: Test Cases/واحد کالا/ثبت واحد کالا

2023-01-10 17:49:48 - [TEST_STEP][PASSED] - driver = getWebDriver(): null

2023-01-10 17:49:48 - [TEST_STEP][PASSED] - selenium = new com.thoughtworks.selenium.webdriven.WebDriverBackedSelenium(driver, internal.GlobalVariable.baseUrl): null

2023-01-10 17:49:48 - [TEST_STEP][PASSED] - selenium.open(baseUrl): null

2023-01-10 17:49:49 - [TEST_STEP][PASSED] - selenium.click("xpath=//li[@id='menu_base']/a/span"): null

2023-01-10 17:49:49 - [TEST_STEP][PASSED] - selenium.click("xpath=//li[@id='menu_unit']/a/span"): null

2023-01-10 17:49:50 - [TEST_STEP][PASSED] - selenium.waitForPageToLoad(pageLoadWT): null

2023-01-10 17:49:51 - [TEST_STEP][PASSED] - selenium.selectFrame("index=0"): null

2023-01-10 17:49:51 - [TEST_STEP][PASSED] - randomNum = random()*10000000)").toInteger() + 1000000: null

2023-01-10 17:49:51 - [TEST_STEP][PASSED] - selenium.click("id=Name"): null

2023-01-10 17:49:52 - [TEST_STEP][PASSED] - selenium.type("id=Name", randomNum.toString()): null

2023-01-10 17:49:52 - [TEST_STEP][PASSED] - response = "": null

2023-01-10 17:49:52 - [TEST_STEP][PASSED] - selenium.click("id=btnregister"): null

2023-01-10 17:49:52 - [TEST_STEP][PASSED] - switchTo().defaultContent(): null

2023-01-10 17:49:52 - [TEST_STEP][PASSED] - try: Text of object '' is: 'عملیات با موفقیت انجام شد'

2023-01-10 17:49:52 - [TEST_STEP][PASSED] - response = getText(SelectBy.xpath("//div[@id='toast-container']/div/div")): Text of object '' is: 'عملیات با موفقیت انجام شد'

2023-01-10 17:49:53 - [MESSAGE][PASSED] - Text of object '' is: 'عملیات با موفقیت انجام شد'

2023-01-10 17:49:53 - [TEST_STEP][PASSED] - assert response.contains("عملیات با موفقیت انجام شد"): null]]></system-out>
         <system-err><![CDATA[]]></system-err>
      </testcase>
      <testcase name="Test Cases/logout" time="5.093" classname="Test Cases/logout" status="PASSED">
         <system-out><![CDATA[2023-01-10 17:49:53 - [TEST_CASE][PASSED] - Test Cases/logout: Test Cases/logout

2023-01-10 17:49:54 - [TEST_STEP][PASSED] - driver = getWebDriver(): null

2023-01-10 17:49:54 - [TEST_STEP][PASSED] - selenium = new com.thoughtworks.selenium.webdriven.WebDriverBackedSelenium(driver, internal.GlobalVariable.baseUrl): null

2023-01-10 17:49:54 - [TEST_STEP][PASSED] - switchTo().defaultContent(): null

2023-01-10 17:49:54 - [TEST_STEP][PASSED] - click(SelectBy.xpath("//*[@id='navbar-mobile']/div/ul/li")): Object: '' is clicked on

2023-01-10 17:49:56 - [MESSAGE][PASSED] - Object: '' is clicked on

2023-01-10 17:49:56 - [TEST_STEP][PASSED] - selenium.click("link=خروج"): null

2023-01-10 17:49:57 - [TEST_STEP][PASSED] - selenium.waitForPageToLoad(pageLoadWT): null

2023-01-10 17:49:58 - [TEST_STEP][PASSED] - response = "": null

2023-01-10 17:49:58 - [TEST_STEP][PASSED] - try: null

2023-01-10 17:49:58 - [TEST_STEP][PASSED] - response = selenium.getText("xpath=//button[@type='submit']"): null

2023-01-10 17:49:58 - [TEST_STEP][PASSED] - assert response != "": null]]></system-out>
         <system-err><![CDATA[]]></system-err>
      </testcase>
      <system-out><![CDATA[2023-01-10 17:49:27 - [TEST_SUITE][PASSED] - Demo Test Suite: Test Cases/logout]]></system-out>
      <system-err><![CDATA[]]></system-err>
   </testsuite>
</testsuites>
